2017/11/05 19:09:01 [error] [exception.CException] CException: CAssetManager.basePath "/var/www/html/Avisfor/assets" es inválido. Asegúrese que el directorio exista y tenga permisos de escritura por el proceso que corre el servidor Web. in /var/www/html/Avisfor/yii/framework/web/CAssetManager.php:138
Stack trace:
#0 /var/www/html/Avisfor/yii/framework/web/CAssetManager.php(123): CAssetManager->setBasePath('/var/www/html/A...')
#1 /var/www/html/Avisfor/yii/framework/web/CAssetManager.php(217): CAssetManager->getBasePath()
#2 /var/www/html/Avisfor/protected/modules/cruge/controllers/UiController.php(35): CAssetManager->publish('/var/www/html/A...')
#3 /var/www/html/Avisfor/protected/modules/cruge/controllers/UiController.php(28): UiController->registerScripts()
#4 /var/www/html/Avisfor/yii/framework/web/CWebApplication.php(281): UiController->init()
#5 /var/www/html/Avisfor/yii/framework/web/CWebApplication.php(141): CWebApplication->runController('cruge/ui/login')
#6 /var/www/html/Avisfor/yii/framework/base/CApplication.php(185): CWebApplication->processRequest()
#7 /var/www/html/Avisfor/index.php(13): CApplication->run()
#8 {main}
REQUEST_URI=/Avisfor/index.php/cruge/ui/login
HTTP_REFERER=http://localhost/Avisfor/
---
2017/11/05 19:20:53 [error] [php] include(MYPDF.php): failed to open stream: No such file or directory (/var/www/html/Avisfor/yii/framework/YiiBase.php:432)
Stack trace:
#0 /var/www/html/Avisfor/protected/controllers/LogicaController.php(223): spl_autoload_call()
#1 /var/www/html/Avisfor/yii/framework/web/actions/CInlineAction.php(49): LogicaController->actionCreatepdf()
#2 /var/www/html/Avisfor/yii/framework/web/CController.php(308): CInlineAction->runWithParams()
#3 /var/www/html/Avisfor/yii/framework/web/filters/CFilterChain.php(134): LogicaController->runAction()
#4 /var/www/html/Avisfor/yii/framework/web/filters/CFilter.php(40): CFilterChain->run()
#5 /var/www/html/Avisfor/yii/framework/web/CController.php(1148): CAccessControlFilter->filter()
#6 /var/www/html/Avisfor/yii/framework/web/filters/CInlineFilter.php(58): LogicaController->filterAccessControl()
#7 /var/www/html/Avisfor/yii/framework/web/filters/CFilterChain.php(131): CInlineFilter->filter()
#8 /var/www/html/Avisfor/yii/framework/web/CController.php(291): CFilterChain->run()
#9 /var/www/html/Avisfor/yii/framework/web/CController.php(265): LogicaController->runActionWithFilters()
#10 /var/www/html/Avisfor/yii/framework/web/CWebApplication.php(282): LogicaController->run()
#11 /var/www/html/Avisfor/yii/framework/web/CWebApplication.php(141): CWebApplication->runController()
#12 /var/www/html/Avisfor/yii/framework/base/CApplication.php(185): CWebApplication->processRequest()
#13 /var/www/html/Avisfor/index.php(13): CWebApplication->run()
REQUEST_URI=/Avisfor/index.php/logica/createpdf
in /var/www/html/Avisfor/protected/controllers/LogicaController.php (223)
in /var/www/html/Avisfor/index.php (13)
2017/11/05 19:28:05 [error] [php] include(MYPDF.php): failed to open stream: No such file or directory (/var/www/html/Avisfor/yii/framework/YiiBase.php:432)
Stack trace:
#0 /var/www/html/Avisfor/protected/controllers/LogicaController.php(240): spl_autoload_call()
#1 /var/www/html/Avisfor/yii/framework/web/actions/CInlineAction.php(49): LogicaController->actionCreatepdf()
#2 /var/www/html/Avisfor/yii/framework/web/CController.php(308): CInlineAction->runWithParams()
#3 /var/www/html/Avisfor/yii/framework/web/filters/CFilterChain.php(134): LogicaController->runAction()
#4 /var/www/html/Avisfor/yii/framework/web/filters/CFilter.php(40): CFilterChain->run()
#5 /var/www/html/Avisfor/yii/framework/web/CController.php(1148): CAccessControlFilter->filter()
#6 /var/www/html/Avisfor/yii/framework/web/filters/CInlineFilter.php(58): LogicaController->filterAccessControl()
#7 /var/www/html/Avisfor/yii/framework/web/filters/CFilterChain.php(131): CInlineFilter->filter()
#8 /var/www/html/Avisfor/yii/framework/web/CController.php(291): CFilterChain->run()
#9 /var/www/html/Avisfor/yii/framework/web/CController.php(265): LogicaController->runActionWithFilters()
#10 /var/www/html/Avisfor/yii/framework/web/CWebApplication.php(282): LogicaController->run()
#11 /var/www/html/Avisfor/yii/framework/web/CWebApplication.php(141): CWebApplication->runController()
#12 /var/www/html/Avisfor/yii/framework/base/CApplication.php(185): CWebApplication->processRequest()
#13 /var/www/html/Avisfor/index.php(13): CWebApplication->run()
REQUEST_URI=/Avisfor/index.php/logica/createpdf
in /var/www/html/Avisfor/protected/controllers/LogicaController.php (240)
in /var/www/html/Avisfor/index.php (13)
2017/11/06 14:07:58 [error] [php] Undefined index: X (/var/www/html/Avisfor/protected/models/Logica.php:1101)
Stack trace:
#0 unknown(0): LogicaController->actionUpdate()
#1 /var/www/html/Avisfor/yii/framework/web/actions/CAction.php(109): ReflectionMethod->invokeArgs()
#2 /var/www/html/Avisfor/yii/framework/web/actions/CInlineAction.php(47): CInlineAction->runWithParamsInternal()
#3 /var/www/html/Avisfor/yii/framework/web/CController.php(308): CInlineAction->runWithParams()
#4 /var/www/html/Avisfor/yii/framework/web/filters/CFilterChain.php(134): LogicaController->runAction()
#5 /var/www/html/Avisfor/yii/framework/web/filters/CFilter.php(40): CFilterChain->run()
#6 /var/www/html/Avisfor/yii/framework/web/CController.php(1148): CAccessControlFilter->filter()
#7 /var/www/html/Avisfor/yii/framework/web/filters/CInlineFilter.php(58): LogicaController->filterAccessControl()
#8 /var/www/html/Avisfor/yii/framework/web/filters/CFilterChain.php(131): CInlineFilter->filter()
#9 /var/www/html/Avisfor/yii/framework/web/CController.php(291): CFilterChain->run()
#10 /var/www/html/Avisfor/yii/framework/web/CController.php(265): LogicaController->runActionWithFilters()
#11 /var/www/html/Avisfor/yii/framework/web/CWebApplication.php(282): LogicaController->run()
#12 /var/www/html/Avisfor/yii/framework/web/CWebApplication.php(141): CWebApplication->runController()
#13 /var/www/html/Avisfor/yii/framework/base/CApplication.php(185): CWebApplication->processRequest()
#14 /var/www/html/Avisfor/index.php(13): CWebApplication->run()
REQUEST_URI=/Avisfor/index.php/logica/update/?id=14
in /var/www/html/Avisfor/protected/models/Logica.php (1101)
in /var/www/html/Avisfor/protected/models/Logica.php (108)
in /var/www/html/Avisfor/protected/controllers/LogicaController.php (184)
2017/11/06 19:17:48 [error] [exception.CException] CException: La propiedad "Logica"."nombre" no se encuentra definida. in /var/www/html/Avisfor/yii/framework/base/CComponent.php:130
Stack trace:
#0 /var/www/html/Avisfor/yii/framework/db/ar/CActiveRecord.php(145): CComponent->__get('nombre')
#1 /var/www/html/Avisfor/protected/views/logica/pdfReport.php(52): CActiveRecord->__get('nombre')
#2 /var/www/html/Avisfor/yii/framework/web/CBaseController.php(126): require('/var/www/html/A...')
#3 /var/www/html/Avisfor/yii/framework/web/CBaseController.php(95): CBaseController->renderInternal('/var/www/html/A...', Array, true)
#4 /var/www/html/Avisfor/yii/framework/web/CController.php(872): CBaseController->renderFile('/var/www/html/A...', Array, true)
#5 /var/www/html/Avisfor/protected/controllers/LogicaController.php(232): CController->renderPartial('pdfReport', Array, true)
#6 [internal function]: LogicaController->actionGenerarPdf('14')
#7 /var/www/html/Avisfor/yii/framework/web/actions/CAction.php(109): ReflectionMethod->invokeArgs(Object(LogicaController), Array)
#8 /var/www/html/Avisfor/yii/framework/web/actions/CInlineAction.php(47): CAction->runWithParamsInternal(Object(LogicaController), Object(ReflectionMethod), Array)
#9 /var/www/html/Avisfor/yii/framework/web/CController.php(308): CInlineAction->runWithParams(Array)
#10 /var/www/html/Avisfor/yii/framework/web/filters/CFilterChain.php(134): CController->runAction(Object(CInlineAction))
#11 /var/www/html/Avisfor/yii/framework/web/filters/CFilter.php(40): CFilterChain->run()
#12 /var/www/html/Avisfor/yii/framework/web/CController.php(1148): CFilter->filter(Object(CFilterChain))
#13 /var/www/html/Avisfor/yii/framework/web/filters/CInlineFilter.php(58): CController->filterAccessControl(Object(CFilterChain))
#14 /var/www/html/Avisfor/yii/framework/web/filters/CFilterChain.php(131): CInlineFilter->filter(Object(CFilterChain))
#15 /var/www/html/Avisfor/yii/framework/web/CController.php(291): CFilterChain->run()
#16 /var/www/html/Avisfor/yii/framework/web/CController.php(265): CController->runActionWithFilters(Object(CInlineAction), Array)
#17 /var/www/html/Avisfor/yii/framework/web/CWebApplication.php(282): CController->run('generarpdf')
#18 /var/www/html/Avisfor/yii/framework/web/CWebApplication.php(141): CWebApplication->runController('logica/generarp...')
#19 /var/www/html/Avisfor/yii/framework/base/CApplication.php(185): CWebApplication->processRequest()
#20 /var/www/html/Avisfor/index.php(13): CApplication->run()
#21 {main}
REQUEST_URI=/Avisfor/index.php/logica/generarpdf/14
HTTP_REFERER=http://localhost/Avisfor/index.php/logica/update/?id=14
---
